{
  "RSpec": {
    "coverage": {
      "/home/flyingminer/RubymineProjects/exercise/spec/support/database_cleaner.rb": [
        1,
        1,
        1,
        1,
        null,
        1,
        1,
        1,
        null,
        1,
        null,
        null,
        null,
        1,
        38,
        null,
        null,
        1,
        0,
        null,
        null,
        1,
        38,
        null,
        null,
        1,
        38,
        38,
        null,
        null
      ],
      "/home/flyingminer/RubymineProjects/exercise/spec/support/factory_girl.rb": [
        1,
        1,
        null
      ],
      "/home/flyingminer/RubymineProjects/exercise/spec/support/behaviours/group_events/successful_group_events_rows_count.rb": [
        1,
        0,
        0,
        0,
        null,
        null,
        null
      ],
      "/home/flyingminer/RubymineProjects/exercise/spec/support/behaviours/users/successful_users_rows_count.rb": [
        1,
        0,
        0,
        0,
        null,
        null,
        null
      ],
      "/home/flyingminer/RubymineProjects/exercise/app/controllers/api/v1/group_events_controller.rb": [
        1,
        1,
        1,
        null,
        null,
        1,
        2,
        2,
        null,
        null,
        null,
        1,
        1,
        null,
        null,
        null,
        1,
        0,
        0,
        0,
        null,
        0,
        null,
        null,
        null,
        null,
        1,
        0,
        0,
        null,
        0,
        null,
        null,
        null,
        null,
        1,
        1,
        0,
        null,
        null,
        null,
        1,
        1,
        null,
        null,
        null,
        null,
        null,
        null,
        1,
        null,
        null,
        null,
        0,
        null,
        null,
        null,
        1,
        1,
        0,
        null,
        null,
        null,
        1,
        1,
        null,
        null,
        null,
        1,
        1,
        0,
        null,
        null,
        null,
        1,
        null,
        null,
        null,
        null,
        null,
        null,
        1,
        1,
        3,
        null,
        null,
        1,
        0,
        null,
        null,
        null,
        null
      ],
      "/home/flyingminer/RubymineProjects/exercise/app/controllers/application_controller.rb": [
        1,
        1,
        null,
        1,
        0,
        null,
        null,
        null,
        null
      ],
      "/home/flyingminer/RubymineProjects/exercise/spec/controllers/users_controller_spec.rb": [
        1,
        null,
        1,
        null,
        3,
        null,
        1,
        1,
        1,
        1,
        1,
        null,
        null,
        1,
        1,
        1,
        1,
        1,
        null,
        null,
        null,
        null
      ],
      "/home/flyingminer/RubymineProjects/exercise/app/controllers/api/v1/users_controller.rb": [
        1,
        1,
        1,
        null,
        null,
        1,
        2,
        2,
        null,
        null,
        null,
        1,
        1,
        null,
        null,
        1,
        1,
        1,
        null,
        null,
        1,
        0,
        null,
        null,
        null
      ],
      "/home/flyingminer/RubymineProjects/exercise/spec/models/group_event_spec.rb": [
        1,
        null,
        1,
        null,
        13,
        1,
        7,
        1,
        1,
        null,
        null,
        6,
        null,
        2,
        2,
        2,
        2,
        2,
        null,
        null,
        null,
        1,
        2,
        null,
        1,
        1,
        null,
        null,
        null,
        1,
        2,
        2,
        null,
        2,
        null,
        null,
        null,
        1,
        2,
        2,
        null,
        1,
        1,
        1,
        1,
        1,
        null,
        null,
        null,
        1,
        3,
        null,
        1,
        2,
        2,
        null,
        1,
        1,
        1,
        1,
        1,
        null,
        null,
        null,
        1,
        2,
        2,
        null,
        1,
        1,
        1,
        1,
        1,
        null,
        null,
        null,
        null,
        null,
        1,
        2,
        1,
        2,
        2,
        null,
        1,
        1,
        1,
        1,
        null,
        null,
        null,
        null,
        null,
        null
      ],
      "/home/flyingminer/RubymineProjects/exercise/app/models/group_event.rb": [
        1,
        1,
        null,
        1,
        null,
        1,
        null,
        1,
        1,
        1,
        1,
        1,
        null,
        null,
        null,
        1,
        20,
        null,
        null,
        1,
        20,
        null,
        null,
        1,
        20,
        null,
        null,
        null,
        null,
        1,
        2,
        null,
        null,
        null,
        null,
        1,
        3,
        null,
        null,
        1,
        3,
        null,
        null,
        null,
        null,
        1,
        1,
        14,
        null,
        null,
        null,
        20,
        null,
        1,
        14,
        null,
        null,
        null
      ],
      "/home/flyingminer/RubymineProjects/exercise/app/models/application_record.rb": [
        1,
        1,
        null,
        1,
        null
      ],
      "/home/flyingminer/RubymineProjects/exercise/spec/models/user_spec.rb": [
        1,
        null,
        1,
        null,
        6,
        null,
        1,
        1,
        1,
        null,
        null,
        null,
        1,
        null,
        4,
        null,
        2,
        2,
        2,
        null,
        1,
        2,
        2,
        null,
        1,
        1,
        1,
        null,
        null,
        null,
        null,
        null,
        null,
        1,
        2,
        2,
        2,
        null,
        null,
        1,
        2,
        2,
        2,
        null,
        null,
        1,
        5,
        2,
        null,
        1,
        1,
        1,
        null,
        1,
        5,
        5,
        null,
        null,
        null,
        null,
        1,
        1,
        1,
        1,
        4,
        4,
        null,
        null,
        null,
        null,
        1,
        1,
        1,
        1,
        1,
        null,
        2,
        null,
        null,
        1,
        2,
        null,
        1,
        1,
        1,
        1,
        null,
        null,
        null,
        null,
        null
      ],
      "/home/flyingminer/RubymineProjects/exercise/app/models/user.rb": [
        1,
        1,
        1,
        null,
        13,
        null,
        1,
        null,
        1,
        1,
        null,
        null,
        null
      ],
      "/home/flyingminer/RubymineProjects/exercise/spec/requests/group_events_spec.rb": [
        1,
        null,
        1,
        1,
        1,
        1,
        1,
        null,
        null,
        null
      ],
      "/home/flyingminer/RubymineProjects/exercise/spec/requests/users_spec.rb": [
        1,
        null,
        1,
        1,
        1,
        1,
        1,
        null,
        null,
        null
      ],
      "/home/flyingminer/RubymineProjects/exercise/spec/routing/group_events_routing_spec.rb": [
        1,
        null,
        1,
        1,
        null,
        1,
        1,
        null,
        null,
        1,
        1,
        null,
        null,
        1,
        1,
        null,
        null,
        1,
        1,
        null,
        null,
        1,
        1,
        null,
        null,
        null,
        null
      ],
      "/home/flyingminer/RubymineProjects/exercise/spec/routing/users_routing_spec.rb": [
        1,
        null,
        1,
        1,
        null,
        1,
        1,
        null,
        null,
        1,
        1,
        null,
        null,
        null,
        null
      ],
      "/home/flyingminer/RubymineProjects/exercise/app/serializers/group_event_serializer.rb": [
        1,
        1,
        null,
        1,
        null,
        null
      ],
      "/home/flyingminer/RubymineProjects/exercise/app/serializers/user_serializer.rb": [
        1,
        1,
        1,
        null
      ]
    },
    "timestamp": 1483440374
  }
}
